Compiling the CXX compiler identification source file "CMakeCXXCompilerId.cpp" failed.
Compiler: CMAKE_CXX_COMPILER-NOTFOUND 
Build flags: 
Id flags:  

The output was:
No such file or directory


Compiling the CXX compiler identification source file "CMakeCXXCompilerId.cpp" failed.
Compiler: CMAKE_CXX_COMPILER-NOTFOUND 
Build flags: 
Id flags: -c 

The output was:
No such file or directory


Compiling the CXX compiler identification source file "CMakeCXXCompilerId.cpp" failed.
Compiler: CMAKE_CXX_COMPILER-NOTFOUND 
Build flags: 
Id flags: --c++ 

The output was:
No such file or directory


Compiling the CXX compiler identification source file "CMakeCXXCompilerId.cpp" failed.
Compiler: CMAKE_CXX_COMPILER-NOTFOUND 
Build flags: 
Id flags: --ec++ 

The output was:
No such file or directory


Compiling the CXX compiler identification source file "CMakeCXXCompilerId.cpp" failed.
Compiler: CMAKE_CXX_COMPILER-NOTFOUND 
Build flags: 
Id flags:  

The output was:
No such file or directory


Compiling the CXX compiler identification source file "CMakeCXXCompilerId.cpp" failed.
Compiler: CMAKE_CXX_COMPILER-NOTFOUND 
Build flags: 
Id flags: -c 

The output was:
No such file or directory


Compiling the CXX compiler identification source file "CMakeCXXCompilerId.cpp" failed.
Compiler: CMAKE_CXX_COMPILER-NOTFOUND 
Build flags: 
Id flags: --c++ 

The output was:
No such file or directory


Compiling the CXX compiler identification source file "CMakeCXXCompilerId.cpp" failed.
Compiler: CMAKE_CXX_COMPILER-NOTFOUND 
Build flags: 
Id flags: --ec++ 

The output was:
No such file or directory


Determining if the pthread_create exist failed with the following output:
Change Dir: /torchtest/build/CMakeFiles/CMakeTmp

Run Build Command:"/usr/bin/make" "cmTC_3b512/fast"
/usr/bin/make -f CMakeFiles/cmTC_3b512.dir/build.make CMakeFiles/cmTC_3b512.dir/build
make[1]: Entering directory '/torchtest/build/CMakeFiles/CMakeTmp'
Building C object CMakeFiles/cmTC_3b512.dir/CheckSymbolExists.c.o
/usr/bin/cc    -o CMakeFiles/cmTC_3b512.dir/CheckSymbolExists.c.o   -c /torchtest/build/CMakeFiles/CMakeTmp/CheckSymbolExists.c
Linking C executable cmTC_3b512
/usr/bin/cmake -E cmake_link_script CMakeFiles/cmTC_3b512.dir/link.txt --verbose=1
/usr/bin/cc      -rdynamic CMakeFiles/cmTC_3b512.dir/CheckSymbolExists.c.o  -o cmTC_3b512 
CMakeFiles/cmTC_3b512.dir/CheckSymbolExists.c.o: In function `main':
CheckSymbolExists.c:(.text+0x1b): undefined reference to `pthread_create'
collect2: error: ld returned 1 exit status
CMakeFiles/cmTC_3b512.dir/build.make:97: recipe for target 'cmTC_3b512' failed
make[1]: *** [cmTC_3b512] Error 1
make[1]: Leaving directory '/torchtest/build/CMakeFiles/CMakeTmp'
Makefile:126: recipe for target 'cmTC_3b512/fast' failed
make: *** [cmTC_3b512/fast] Error 2

File /torchtest/build/CMakeFiles/CMakeTmp/CheckSymbolExists.c:
/* */
#include <pthread.h>

int main(int argc, char** argv)
{
  (void)argv;
#ifndef pthread_create
  return ((int*)(&pthread_create))[argc];
#else
  (void)argc;
  return 0;
#endif
}

Determining if the function pthread_create exists in the pthreads failed with the following output:
Change Dir: /torchtest/build/CMakeFiles/CMakeTmp

Run Build Command:"/usr/bin/make" "cmTC_8381d/fast"
/usr/bin/make -f CMakeFiles/cmTC_8381d.dir/build.make CMakeFiles/cmTC_8381d.dir/build
make[1]: Entering directory '/torchtest/build/CMakeFiles/CMakeTmp'
Building C object CMakeFiles/cmTC_8381d.dir/CheckFunctionExists.c.o
/usr/bin/cc   -DCHECK_FUNCTION_EXISTS=pthread_create   -o CMakeFiles/cmTC_8381d.dir/CheckFunctionExists.c.o   -c /usr/share/cmake-3.10/Modules/CheckFunctionExists.c
Linking C executable cmTC_8381d
/usr/bin/cmake -E cmake_link_script CMakeFiles/cmTC_8381d.dir/link.txt --verbose=1
/usr/bin/cc  -DCHECK_FUNCTION_EXISTS=pthread_create    -rdynamic CMakeFiles/cmTC_8381d.dir/CheckFunctionExists.c.o  -o cmTC_8381d -lpthreads 
/usr/bin/ld: cannot find -lpthreads
collect2: error: ld returned 1 exit status
CMakeFiles/cmTC_8381d.dir/build.make:97: recipe for target 'cmTC_8381d' failed
make[1]: *** [cmTC_8381d] Error 1
make[1]: Leaving directory '/torchtest/build/CMakeFiles/CMakeTmp'
Makefile:126: recipe for target 'cmTC_8381d/fast' failed
make: *** [cmTC_8381d/fast] Error 2


